#! /usr/bin/vvp
:ivl_version "11.0 (stable)";
:ivl_delay_selection "TYPICAL";
:vpi_time_precision - 12;
:vpi_module "/usr/lib/x86_64-linux-gnu/ivl/system.vpi";
:vpi_module "/usr/lib/x86_64-linux-gnu/ivl/vhdl_sys.vpi";
:vpi_module "/usr/lib/x86_64-linux-gnu/ivl/vhdl_textio.vpi";
:vpi_module "/usr/lib/x86_64-linux-gnu/ivl/v2005_math.vpi";
:vpi_module "/usr/lib/x86_64-linux-gnu/ivl/va_math.vpi";
:vpi_module "/usr/lib/x86_64-linux-gnu/ivl/v2009.vpi";
S_0x5589cd7c0c40 .scope package, "$unit" "$unit" 2 1;
 .timescale 0 0;
S_0x5589cd7c66f0 .scope module, "greater_tb" "greater_tb" 3 5;
 .timescale -9 -12;
v0x5589cd7f8f60_0 .var "s_a", 3 0;
v0x5589cd7f9020_0 .var "s_b", 3 0;
v0x5589cd7f9130_0 .net "s_out", 3 0, v0x5589cd7f6990_0;  1 drivers
v0x5589cd7f91d0_0 .net "s_synth", 3 0, L_0x5589cd7fae80;  1 drivers
S_0x5589cd7c5df0 .scope module, "gre_model" "greater" 3 14, 4 1 0, S_0x5589cd7c66f0;
 .timescale 0 0;
    .port_info 0 /INPUT 4 "i_argA";
    .port_info 1 /INPUT 4 "i_argB";
    .port_info 2 /OUTPUT 4 "o_result";
P_0x5589cd7c2e50 .param/l "NUM" 0 4 2, +C4<00000000000000000000000000000100>;
v0x5589cd7c8450_0 .net "i_argA", 3 0, v0x5589cd7f8f60_0;  1 drivers
v0x5589cd7c79e0_0 .net "i_argB", 3 0, v0x5589cd7f9020_0;  1 drivers
v0x5589cd7f6990_0 .var "o_result", 3 0;
E_0x5589cd797810 .event edge, v0x5589cd7c8450_0, v0x5589cd7c79e0_0;
S_0x5589cd7f6ad0 .scope module, "gre_synth" "greater_rtl" 3 15, 5 3 0, S_0x5589cd7c66f0;
 .timescale 0 0;
    .port_info 0 /INPUT 4 "i_argA";
    .port_info 1 /INPUT 4 "i_argB";
    .port_info 2 /OUTPUT 4 "o_result";
L_0x5589cd7f9340 .functor NOT 1, L_0x5589cd7f9270, C4<0>, C4<0>, C4<0>;
L_0x5589cd7f94d0 .functor NOT 1, L_0x5589cd7f9430, C4<0>, C4<0>, C4<0>;
L_0x5589cd7f9610 .functor NOT 1, L_0x5589cd7f9570, C4<0>, C4<0>, C4<0>;
L_0x5589cd7f97d0 .functor NOT 1, L_0x5589cd7f9700, C4<0>, C4<0>, C4<0>;
L_0x5589cd7f9990 .functor OR 1, L_0x5589cd7f9340, L_0x5589cd7f98f0, C4<0>, C4<0>;
L_0x5589cd7f9bb0 .functor AND 1, L_0x5589cd7f9610, L_0x5589cd7f9ad0, C4<1>, C4<1>;
L_0x5589cd7f9d50 .functor OR 1, L_0x5589cd7f9cb0, L_0x5589cd7f97d0, C4<0>, C4<0>;
L_0x5589cd7f9e60 .functor OR 1, L_0x5589cd7f9bb0, L_0x5589cd7f9d50, C4<0>, C4<0>;
L_0x5589cd7fa0b0 .functor OR 1, L_0x5589cd7f94d0, L_0x5589cd7f9fc0, C4<0>, C4<0>;
L_0x5589cd7fa260 .functor OR 1, L_0x5589cd7f9610, L_0x5589cd7fa1c0, C4<0>, C4<0>;
L_0x5589cd7fa380 .functor AND 1, L_0x5589cd7fa0b0, L_0x5589cd7fa260, C4<1>, C4<1>;
L_0x5589cd7fa440 .functor AND 1, L_0x5589cd7f9e60, L_0x5589cd7fa380, C4<1>, C4<1>;
L_0x5589cd7fa6c0 .functor AND 1, L_0x5589cd7f9340, L_0x5589cd7fa5c0, C4<1>, C4<1>;
L_0x5589cd7fa7d0 .functor AND 1, L_0x5589cd7f94d0, L_0x5589cd7fa730, C4<1>, C4<1>;
L_0x5589cd7fa550 .functor OR 1, L_0x5589cd7fa6c0, L_0x5589cd7fa7d0, C4<0>, C4<0>;
L_0x5589cd7fa9b0 .functor OR 1, L_0x5589cd7fa440, L_0x5589cd7fa550, C4<0>, C4<0>;
L_0x5589cd7fab50 .functor AND 1, L_0x5589cd7f9990, L_0x5589cd7fa9b0, C4<1>, C4<1>;
L_0x5589cd7fad70 .functor AND 1, L_0x5589cd7fac60, L_0x5589cd7fab50, C4<1>, C4<1>;
L_0x5589cd7fafc0 .functor AND 1, L_0x5589cd7faf20, L_0x5589cd7fab50, C4<1>, C4<1>;
L_0x5589cd7fad00 .functor AND 1, L_0x5589cd7fb080, L_0x5589cd7fab50, C4<1>, C4<1>;
L_0x5589cd7fb4c0 .functor AND 1, L_0x5589cd7fb390, L_0x5589cd7fa9b0, C4<1>, C4<1>;
v0x5589cd7f6d00_0 .net "_00_", 0 0, L_0x5589cd7f9340;  1 drivers
v0x5589cd7f6de0_0 .net "_01_", 0 0, L_0x5589cd7f94d0;  1 drivers
v0x5589cd7f6ea0_0 .net "_02_", 0 0, L_0x5589cd7f9610;  1 drivers
v0x5589cd7f6f40_0 .net "_03_", 0 0, L_0x5589cd7f97d0;  1 drivers
v0x5589cd7f7000_0 .net "_04_", 0 0, L_0x5589cd7f9990;  1 drivers
v0x5589cd7f7110_0 .net "_05_", 0 0, L_0x5589cd7f9bb0;  1 drivers
v0x5589cd7f71d0_0 .net "_06_", 0 0, L_0x5589cd7f9d50;  1 drivers
v0x5589cd7f7290_0 .net "_07_", 0 0, L_0x5589cd7f9e60;  1 drivers
v0x5589cd7f7350_0 .net "_08_", 0 0, L_0x5589cd7fa0b0;  1 drivers
v0x5589cd7f7410_0 .net "_09_", 0 0, L_0x5589cd7fa260;  1 drivers
v0x5589cd7f74d0_0 .net "_10_", 0 0, L_0x5589cd7fa380;  1 drivers
v0x5589cd7f7590_0 .net "_11_", 0 0, L_0x5589cd7fa440;  1 drivers
v0x5589cd7f7650_0 .net "_12_", 0 0, L_0x5589cd7fa6c0;  1 drivers
v0x5589cd7f7710_0 .net "_13_", 0 0, L_0x5589cd7fa7d0;  1 drivers
v0x5589cd7f77d0_0 .net "_14_", 0 0, L_0x5589cd7fa550;  1 drivers
v0x5589cd7f7890_0 .net "_15_", 0 0, L_0x5589cd7fa9b0;  1 drivers
v0x5589cd7f7950_0 .net "_16_", 0 0, L_0x5589cd7fab50;  1 drivers
v0x5589cd7f7a10_0 .net *"_ivl_1", 0 0, L_0x5589cd7f9270;  1 drivers
v0x5589cd7f7af0_0 .net *"_ivl_13", 0 0, L_0x5589cd7f9700;  1 drivers
v0x5589cd7f7bd0_0 .net *"_ivl_17", 0 0, L_0x5589cd7f98f0;  1 drivers
v0x5589cd7f7cb0_0 .net *"_ivl_21", 0 0, L_0x5589cd7f9ad0;  1 drivers
v0x5589cd7f7d90_0 .net *"_ivl_25", 0 0, L_0x5589cd7f9cb0;  1 drivers
v0x5589cd7f7e70_0 .net *"_ivl_31", 0 0, L_0x5589cd7f9fc0;  1 drivers
v0x5589cd7f7f50_0 .net *"_ivl_35", 0 0, L_0x5589cd7fa1c0;  1 drivers
v0x5589cd7f8030_0 .net *"_ivl_43", 0 0, L_0x5589cd7fa5c0;  1 drivers
v0x5589cd7f8110_0 .net *"_ivl_47", 0 0, L_0x5589cd7fa730;  1 drivers
v0x5589cd7f81f0_0 .net *"_ivl_5", 0 0, L_0x5589cd7f9430;  1 drivers
v0x5589cd7f82d0_0 .net *"_ivl_59", 0 0, L_0x5589cd7fac60;  1 drivers
v0x5589cd7f83b0_0 .net *"_ivl_60", 0 0, L_0x5589cd7fad70;  1 drivers
v0x5589cd7f8490_0 .net *"_ivl_65", 0 0, L_0x5589cd7faf20;  1 drivers
v0x5589cd7f8570_0 .net *"_ivl_66", 0 0, L_0x5589cd7fafc0;  1 drivers
v0x5589cd7f8650_0 .net *"_ivl_71", 0 0, L_0x5589cd7fb080;  1 drivers
v0x5589cd7f8730_0 .net *"_ivl_72", 0 0, L_0x5589cd7fad00;  1 drivers
v0x5589cd7f8a20_0 .net *"_ivl_78", 0 0, L_0x5589cd7fb390;  1 drivers
v0x5589cd7f8b00_0 .net *"_ivl_79", 0 0, L_0x5589cd7fb4c0;  1 drivers
v0x5589cd7f8be0_0 .net *"_ivl_9", 0 0, L_0x5589cd7f9570;  1 drivers
v0x5589cd7f8cc0_0 .net "i_argA", 3 0, v0x5589cd7f8f60_0;  alias, 1 drivers
v0x5589cd7f8d80_0 .net "i_argB", 3 0, v0x5589cd7f9020_0;  alias, 1 drivers
v0x5589cd7f8e20_0 .net "o_result", 3 0, L_0x5589cd7fae80;  alias, 1 drivers
L_0x5589cd7f9270 .part v0x5589cd7f9020_0, 3, 1;
L_0x5589cd7f9430 .part v0x5589cd7f9020_0, 2, 1;
L_0x5589cd7f9570 .part v0x5589cd7f9020_0, 1, 1;
L_0x5589cd7f9700 .part v0x5589cd7f9020_0, 0, 1;
L_0x5589cd7f98f0 .part v0x5589cd7f8f60_0, 3, 1;
L_0x5589cd7f9ad0 .part v0x5589cd7f8f60_0, 1, 1;
L_0x5589cd7f9cb0 .part v0x5589cd7f8f60_0, 0, 1;
L_0x5589cd7f9fc0 .part v0x5589cd7f8f60_0, 2, 1;
L_0x5589cd7fa1c0 .part v0x5589cd7f8f60_0, 1, 1;
L_0x5589cd7fa5c0 .part v0x5589cd7f8f60_0, 3, 1;
L_0x5589cd7fa730 .part v0x5589cd7f8f60_0, 2, 1;
L_0x5589cd7fac60 .part v0x5589cd7f8f60_0, 0, 1;
L_0x5589cd7faf20 .part v0x5589cd7f8f60_0, 1, 1;
L_0x5589cd7fb080 .part v0x5589cd7f8f60_0, 2, 1;
L_0x5589cd7fae80 .concat8 [ 1 1 1 1], L_0x5589cd7fad70, L_0x5589cd7fafc0, L_0x5589cd7fad00, L_0x5589cd7fb4c0;
L_0x5589cd7fb390 .part v0x5589cd7f8f60_0, 3, 1;
    .scope S_0x5589cd7c5df0;
T_0 ;
Ewait_0 .event/or E_0x5589cd797810, E_0x0;
    %wait Ewait_0;
    %load/vec4 v0x5589cd7c79e0_0;
    %load/vec4 v0x5589cd7c8450_0;
    %cmp/u;
    %flag_or 5, 4;
    %jmp/0xz  T_0.0, 5;
    %load/vec4 v0x5589cd7c8450_0;
    %store/vec4 v0x5589cd7f6990_0, 0, 4;
    %jmp T_0.1;
T_0.0 ;
    %pushi/vec4 0, 0, 4;
    %store/vec4 v0x5589cd7f6990_0, 0, 4;
T_0.1 ;
    %jmp T_0;
    .thread T_0, $push;
    .scope S_0x5589cd7c66f0;
T_1 ;
    %vpi_call/w 3 20 "$dumpfile", "greater.vcd" {0 0 0};
    %vpi_call/w 3 22 "$dumpvars", 32'sb00000000000000000000000000000000, S_0x5589cd7c66f0 {0 0 0};
    %pushi/vec4 6, 0, 4;
    %store/vec4 v0x5589cd7f8f60_0, 0, 4;
    %pushi/vec4 2, 0, 4;
    %store/vec4 v0x5589cd7f9020_0, 0, 4;
    %delay 20000, 0;
    %pushi/vec4 3, 0, 4;
    %store/vec4 v0x5589cd7f8f60_0, 0, 4;
    %pushi/vec4 2, 0, 4;
    %store/vec4 v0x5589cd7f9020_0, 0, 4;
    %delay 20000, 0;
    %pushi/vec4 1, 0, 4;
    %store/vec4 v0x5589cd7f8f60_0, 0, 4;
    %pushi/vec4 1, 0, 4;
    %store/vec4 v0x5589cd7f9020_0, 0, 4;
    %delay 20000, 0;
    %pushi/vec4 1, 0, 4;
    %store/vec4 v0x5589cd7f8f60_0, 0, 4;
    %pushi/vec4 6, 0, 4;
    %store/vec4 v0x5589cd7f9020_0, 0, 4;
    %delay 20000, 0;
    %pushi/vec4 2, 0, 4;
    %store/vec4 v0x5589cd7f8f60_0, 0, 4;
    %pushi/vec4 7, 0, 4;
    %store/vec4 v0x5589cd7f9020_0, 0, 4;
    %vpi_call/w 3 39 "$finish" {0 0 0};
    %end;
    .thread T_1;
# The file index is used to find the file name in the following table.
:file_names 6;
    "N/A";
    "<interactive>";
    "-";
    "greater_tb.sv";
    "greater.sv";
    "greater_rtl.sv";
