#! /usr/bin/vvp
:ivl_version "11.0 (stable)";
:ivl_delay_selection "TYPICAL";
:vpi_time_precision - 12;
:vpi_module "/usr/lib/x86_64-linux-gnu/ivl/system.vpi";
:vpi_module "/usr/lib/x86_64-linux-gnu/ivl/vhdl_sys.vpi";
:vpi_module "/usr/lib/x86_64-linux-gnu/ivl/vhdl_textio.vpi";
:vpi_module "/usr/lib/x86_64-linux-gnu/ivl/v2005_math.vpi";
:vpi_module "/usr/lib/x86_64-linux-gnu/ivl/va_math.vpi";
:vpi_module "/usr/lib/x86_64-linux-gnu/ivl/v2009.vpi";
S_0x55cae2615160 .scope package, "$unit" "$unit" 2 1;
 .timescale 0 0;
S_0x55cae26152f0 .scope module, "change_tb" "change_tb" 3 5;
 .timescale -9 -12;
v0x55cae2631990_0 .var "s_a", 3 0;
v0x55cae2631a50_0 .net "s_out", 3 0, v0x55cae26306c0_0;  1 drivers
v0x55cae2631b10_0 .net "s_synth", 3 0, L_0x55cae2632950;  1 drivers
S_0x55cae2618460 .scope module, "ch_model" "change" 3 13, 4 1 0, S_0x55cae26152f0;
 .timescale 0 0;
    .port_info 0 /INPUT 4 "i_argA";
    .port_info 1 /OUTPUT 4 "o_result";
P_0x55cae2618640 .param/l "NUM" 0 4 2, +C4<00000000000000000000000000000100>;
v0x55cae2604f20_0 .var "b", 3 0;
v0x55cae26032b0_0 .net/s "i_argA", 3 0, v0x55cae2631990_0;  1 drivers
v0x55cae2605ee0_0 .var/i "k", 31 0;
v0x55cae26306c0_0 .var/s "o_result", 3 0;
E_0x55cae26121a0 .event edge, v0x55cae26032b0_0, v0x55cae26032b0_0;
S_0x55cae2630800 .scope module, "ch_synth" "change_rtl" 3 14, 5 3 0, S_0x55cae26152f0;
 .timescale 0 0;
    .port_info 0 /INPUT 4 "i_argA";
    .port_info 1 /OUTPUT 4 "o_result";
L_0x55cae2631d80 .functor AND 1, L_0x55cae2631be0, L_0x55cae2631cb0, C4<1>, C4<1>;
L_0x55cae2631fe0 .functor AND 1, L_0x55cae2631e70, L_0x55cae2631f10, C4<1>, C4<1>;
L_0x55cae26321c0 .functor XOR 1, L_0x55cae2632120, L_0x55cae2631fe0, C4<0>, C4<0>;
L_0x55cae2632450 .functor AND 1, L_0x55cae26322d0, L_0x55cae26323b0, C4<1>, C4<1>;
L_0x55cae2632590 .functor OR 1, L_0x55cae2631d80, L_0x55cae2631fe0, C4<0>, C4<0>;
L_0x55cae2632740 .functor XOR 1, L_0x55cae2632650, L_0x55cae2632590, C4<0>, C4<0>;
L_0x55cae2632890 .functor OR 1, L_0x55cae2632450, L_0x55cae2632590, C4<0>, C4<0>;
v0x55cae26309e0_0 .net "_00_", 0 0, L_0x55cae2631d80;  1 drivers
v0x55cae2630ac0_0 .net "_01_", 0 0, L_0x55cae2631fe0;  1 drivers
v0x55cae2630b80_0 .net "_02_", 0 0, L_0x55cae2632450;  1 drivers
v0x55cae2630c20_0 .net "_03_", 0 0, L_0x55cae2632590;  1 drivers
v0x55cae2630ce0_0 .net *"_ivl_1", 0 0, L_0x55cae2631be0;  1 drivers
v0x55cae2630e10_0 .net *"_ivl_15", 0 0, L_0x55cae2632120;  1 drivers
v0x55cae2630ef0_0 .net *"_ivl_16", 0 0, L_0x55cae26321c0;  1 drivers
v0x55cae2630fd0_0 .net *"_ivl_19", 0 0, L_0x55cae26322d0;  1 drivers
v0x55cae26310b0_0 .net *"_ivl_21", 0 0, L_0x55cae26323b0;  1 drivers
v0x55cae2631190_0 .net *"_ivl_29", 0 0, L_0x55cae2632650;  1 drivers
v0x55cae2631270_0 .net *"_ivl_3", 0 0, L_0x55cae2631cb0;  1 drivers
v0x55cae2631350_0 .net *"_ivl_30", 0 0, L_0x55cae2632740;  1 drivers
v0x55cae2631430_0 .net *"_ivl_34", 0 0, L_0x55cae2632890;  1 drivers
v0x55cae2631510_0 .net *"_ivl_40", 0 0, L_0x55cae2632b30;  1 drivers
v0x55cae26315f0_0 .net *"_ivl_7", 0 0, L_0x55cae2631e70;  1 drivers
v0x55cae26316d0_0 .net *"_ivl_9", 0 0, L_0x55cae2631f10;  1 drivers
v0x55cae26317b0_0 .net "i_argA", 3 0, v0x55cae2631990_0;  alias, 1 drivers
v0x55cae2631870_0 .net "o_result", 3 0, L_0x55cae2632950;  alias, 1 drivers
L_0x55cae2631be0 .part v0x55cae2631990_0, 3, 1;
L_0x55cae2631cb0 .part v0x55cae2631990_0, 1, 1;
L_0x55cae2631e70 .part v0x55cae2631990_0, 3, 1;
L_0x55cae2631f10 .part v0x55cae2631990_0, 0, 1;
L_0x55cae2632120 .part v0x55cae2631990_0, 1, 1;
L_0x55cae26322d0 .part v0x55cae2631990_0, 3, 1;
L_0x55cae26323b0 .part v0x55cae2631990_0, 2, 1;
L_0x55cae2632650 .part v0x55cae2631990_0, 2, 1;
L_0x55cae2632950 .concat8 [ 1 1 1 1], L_0x55cae2632b30, L_0x55cae26321c0, L_0x55cae2632740, L_0x55cae2632890;
L_0x55cae2632b30 .part v0x55cae2631990_0, 0, 1;
    .scope S_0x55cae2618460;
T_0 ;
Ewait_0 .event/or E_0x55cae26121a0, E_0x0;
    %wait Ewait_0;
    %load/vec4 v0x55cae26032b0_0;
    %parti/s 1, 3, 3;
    %pad/u 32;
    %cmpi/e 0, 0, 32;
    %jmp/0xz  T_0.0, 4;
    %load/vec4 v0x55cae26032b0_0;
    %store/vec4 v0x55cae26306c0_0, 0, 4;
    %jmp T_0.1;
T_0.0 ;
    %load/vec4 v0x55cae26032b0_0;
    %parti/s 1, 3, 3;
    %pad/u 32;
    %cmpi/e 1, 0, 32;
    %jmp/0xz  T_0.2, 4;
    %load/vec4 v0x55cae26032b0_0;
    %parti/s 1, 3, 3;
    %ix/load 4, 3, 0;
    %flag_set/imm 4, 0;
    %store/vec4 v0x55cae2604f20_0, 4, 1;
    %pushi/vec4 0, 0, 32;
    %store/vec4 v0x55cae2605ee0_0, 0, 32;
T_0.4 ;
    %load/vec4 v0x55cae2605ee0_0;
    %cmpi/s 3, 0, 32;
    %jmp/0xz T_0.5, 5;
    %load/vec4 v0x55cae26032b0_0;
    %load/vec4 v0x55cae2605ee0_0;
    %part/s 1;
    %inv;
    %ix/getv/s 4, v0x55cae2605ee0_0;
    %store/vec4 v0x55cae2604f20_0, 4, 1;
    ; show_stmt_assign_vector: Get l-value for compressed += operand
    %load/vec4 v0x55cae2605ee0_0;
    %pushi/vec4 1, 0, 32;
    %add;
    %store/vec4 v0x55cae2605ee0_0, 0, 32;
    %jmp T_0.4;
T_0.5 ;
T_0.2 ;
    %load/vec4 v0x55cae2604f20_0;
    %addi 1, 0, 4;
    %store/vec4 v0x55cae26306c0_0, 0, 4;
T_0.1 ;
    %jmp T_0;
    .thread T_0, $push;
    .scope S_0x55cae26152f0;
T_1 ;
    %vpi_call/w 3 19 "$dumpfile", "change.vcd" {0 0 0};
    %vpi_call/w 3 21 "$dumpvars", 32'sb00000000000000000000000000000000, S_0x55cae26152f0 {0 0 0};
    %pushi/vec4 15, 0, 4;
    %store/vec4 v0x55cae2631990_0, 0, 4;
    %delay 5000, 0;
    %pushi/vec4 15, 0, 4;
    %store/vec4 v0x55cae2631990_0, 0, 4;
    %delay 5000, 0;
    %pushi/vec4 13, 0, 4;
    %store/vec4 v0x55cae2631990_0, 0, 4;
    %delay 5000, 0;
    %pushi/vec4 2, 0, 4;
    %store/vec4 v0x55cae2631990_0, 0, 4;
    %delay 5000, 0;
    %vpi_call/w 3 33 "$finish" {0 0 0};
    %end;
    .thread T_1;
# The file index is used to find the file name in the following table.
:file_names 6;
    "N/A";
    "<interactive>";
    "-";
    "change_tb.sv";
    "change.sv";
    "change_rtl.sv";
