#! /usr/bin/vvp
:ivl_version "11.0 (stable)";
:ivl_delay_selection "TYPICAL";
:vpi_time_precision - 12;
:vpi_module "/usr/lib/x86_64-linux-gnu/ivl/system.vpi";
:vpi_module "/usr/lib/x86_64-linux-gnu/ivl/vhdl_sys.vpi";
:vpi_module "/usr/lib/x86_64-linux-gnu/ivl/vhdl_textio.vpi";
:vpi_module "/usr/lib/x86_64-linux-gnu/ivl/v2005_math.vpi";
:vpi_module "/usr/lib/x86_64-linux-gnu/ivl/va_math.vpi";
:vpi_module "/usr/lib/x86_64-linux-gnu/ivl/v2009.vpi";
S_0x5631efc2ce30 .scope package, "$unit" "$unit" 2 1;
 .timescale 0 0;
S_0x5631efc257a0 .scope module, "setbit_tb" "setbit_tb" 3 5;
 .timescale -9 -12;
v0x5631efc5e540_0 .var "s_a", 3 0;
v0x5631efc5e620_0 .var "s_b", 3 0;
v0x5631efc5e730_0 .net "s_out", 3 0, v0x5631efc291f0_0;  1 drivers
v0x5631efc5e7d0_0 .net "s_status", 3 0, v0x5631efc5bf50_0;  1 drivers
v0x5631efc5e870_0 .net "s_synth", 3 0, L_0x5631efc60640;  1 drivers
S_0x5631efc29a70 .scope module, "sb_model" "setbit" 3 15, 4 1 0, S_0x5631efc257a0;
 .timescale 0 0;
    .port_info 0 /INPUT 4 "i_argA";
    .port_info 1 /INPUT 4 "i_argB";
    .port_info 2 /OUTPUT 4 "o_result";
    .port_info 3 /OUTPUT 4 "o_status";
P_0x5631efc27fe0 .param/l "NUM" 0 4 2, +C4<00000000000000000000000000000100>;
v0x5631efc271f0_0 .net "i_argA", 3 0, v0x5631efc5e540_0;  1 drivers
v0x5631efc2a9a0_0 .net "i_argB", 3 0, v0x5631efc5e620_0;  1 drivers
v0x5631efc291f0_0 .var "o_result", 3 0;
v0x5631efc5bf50_0 .var "o_status", 3 0;
E_0x5631efc34350 .event edge, v0x5631efc2a9a0_0, v0x5631efc271f0_0;
S_0x5631efc5c0b0 .scope module, "sb_synth" "setbit_rtl" 3 16, 5 3 0, S_0x5631efc257a0;
 .timescale 0 0;
    .port_info 0 /INPUT 4 "i_argA";
    .port_info 1 /INPUT 4 "i_argB";
    .port_info 2 /OUTPUT 4 "o_result";
    .port_info 3 /OUTPUT 4 "o_status";
L_0x5631efc5ea30 .functor NOT 1, L_0x5631efc5e960, C4<0>, C4<0>, C4<0>;
L_0x5631efc5ebc0 .functor NOT 1, L_0x5631efc5eb20, C4<0>, C4<0>, C4<0>;
L_0x5631efc5ed00 .functor NOT 1, L_0x5631efc5ec60, C4<0>, C4<0>, C4<0>;
L_0x5631efc5eec0 .functor NOT 1, L_0x5631efc5edf0, C4<0>, C4<0>, C4<0>;
L_0x5631efc5efe0 .functor AND 1, L_0x5631efc5ed00, L_0x5631efc5eec0, C4<1>, C4<1>;
L_0x5631efc5f0f0 .functor NOT 1, L_0x5631efc5efe0, C4<0>, C4<0>, C4<0>;
L_0x5631efc5f370 .functor OR 1, L_0x5631efc5f1f0, L_0x5631efc5f290, C4<0>, C4<0>;
L_0x5631efc5f480 .functor NOT 1, L_0x5631efc5f370, C4<0>, C4<0>, C4<0>;
L_0x5631efc5f630 .functor OR 1, L_0x5631efc5f590, L_0x5631efc5f480, C4<0>, C4<0>;
L_0x5631efc5f740 .functor AND 1, L_0x5631efc5efe0, L_0x5631efc5f630, C4<1>, C4<1>;
L_0x5631efc5f950 .functor AND 1, L_0x5631efc5ea30, L_0x5631efc5f860, C4<1>, C4<1>;
L_0x5631efc5fab0 .functor OR 1, L_0x5631efc5fa10, L_0x5631efc5f950, C4<0>, C4<0>;
L_0x5631efc5fbe0 .functor AND 1, L_0x5631efc5efe0, L_0x5631efc5fab0, C4<1>, C4<1>;
L_0x5631efc5fd50 .functor AND 1, L_0x5631efc5fc50, L_0x5631efc5ebc0, C4<1>, C4<1>;
L_0x5631efc5fb70 .functor OR 1, L_0x5631efc5fe90, L_0x5631efc5fd50, C4<0>, C4<0>;
L_0x5631efc5ffd0 .functor AND 1, L_0x5631efc5efe0, L_0x5631efc5fb70, C4<1>, C4<1>;
L_0x5631efc602d0 .functor AND 1, L_0x5631efc60120, L_0x5631efc60230, C4<1>, C4<1>;
L_0x5631efc601c0 .functor OR 1, L_0x5631efc603e0, L_0x5631efc602d0, C4<0>, C4<0>;
L_0x5631efc60820 .functor AND 1, L_0x5631efc5efe0, L_0x5631efc601c0, C4<1>, C4<1>;
v0x5631efc5c320_0 .net "_00_", 0 0, L_0x5631efc5ea30;  1 drivers
v0x5631efc5c3e0_0 .net "_01_", 0 0, L_0x5631efc5ebc0;  1 drivers
v0x5631efc5c4a0_0 .net "_02_", 0 0, L_0x5631efc5ed00;  1 drivers
v0x5631efc5c540_0 .net "_03_", 0 0, L_0x5631efc5eec0;  1 drivers
v0x5631efc5c600_0 .net "_04_", 0 0, L_0x5631efc5efe0;  1 drivers
v0x5631efc5c710_0 .net "_05_", 0 0, L_0x5631efc5f370;  1 drivers
v0x5631efc5c7d0_0 .net "_06_", 0 0, L_0x5631efc5f480;  1 drivers
v0x5631efc5c890_0 .net "_07_", 0 0, L_0x5631efc5f630;  1 drivers
v0x5631efc5c950_0 .net "_08_", 0 0, L_0x5631efc5f950;  1 drivers
v0x5631efc5ca10_0 .net "_09_", 0 0, L_0x5631efc5fab0;  1 drivers
v0x5631efc5cad0_0 .net "_10_", 0 0, L_0x5631efc5fd50;  1 drivers
v0x5631efc5cb90_0 .net "_11_", 0 0, L_0x5631efc5fb70;  1 drivers
v0x5631efc5cc50_0 .net "_12_", 0 0, L_0x5631efc602d0;  1 drivers
v0x5631efc5cd10_0 .net "_13_", 0 0, L_0x5631efc601c0;  1 drivers
v0x5631efc5cdd0_0 .net *"_ivl_1", 0 0, L_0x5631efc5e960;  1 drivers
v0x5631efc5ceb0_0 .net *"_ivl_13", 0 0, L_0x5631efc5edf0;  1 drivers
v0x5631efc5cf90_0 .net *"_ivl_20", 0 0, L_0x5631efc5f0f0;  1 drivers
v0x5631efc5d070_0 .net *"_ivl_23", 0 0, L_0x5631efc5f1f0;  1 drivers
v0x5631efc5d150_0 .net *"_ivl_25", 0 0, L_0x5631efc5f290;  1 drivers
v0x5631efc5d230_0 .net *"_ivl_31", 0 0, L_0x5631efc5f590;  1 drivers
v0x5631efc5d310_0 .net *"_ivl_36", 0 0, L_0x5631efc5f740;  1 drivers
v0x5631efc5d3f0_0 .net *"_ivl_39", 0 0, L_0x5631efc5f860;  1 drivers
v0x5631efc5d4d0_0 .net *"_ivl_43", 0 0, L_0x5631efc5fa10;  1 drivers
v0x5631efc5d5b0_0 .net *"_ivl_48", 0 0, L_0x5631efc5fbe0;  1 drivers
v0x5631efc5d690_0 .net *"_ivl_5", 0 0, L_0x5631efc5eb20;  1 drivers
v0x5631efc5d770_0 .net *"_ivl_51", 0 0, L_0x5631efc5fc50;  1 drivers
v0x5631efc5d850_0 .net *"_ivl_55", 0 0, L_0x5631efc5fe90;  1 drivers
v0x5631efc5d930_0 .net *"_ivl_60", 0 0, L_0x5631efc5ffd0;  1 drivers
v0x5631efc5da10_0 .net *"_ivl_63", 0 0, L_0x5631efc60120;  1 drivers
v0x5631efc5daf0_0 .net *"_ivl_65", 0 0, L_0x5631efc60230;  1 drivers
v0x5631efc5dbd0_0 .net *"_ivl_69", 0 0, L_0x5631efc603e0;  1 drivers
v0x5631efc5dcb0_0 .net *"_ivl_75", 0 0, L_0x5631efc60820;  1 drivers
L_0x7f4a46156018 .functor BUFT 1, C4<000>, C4<0>, C4<0>, C4<0>;
v0x5631efc5dd90_0 .net/2u *"_ivl_80", 2 0, L_0x7f4a46156018;  1 drivers
v0x5631efc5e080_0 .net *"_ivl_9", 0 0, L_0x5631efc5ec60;  1 drivers
v0x5631efc5e160_0 .net "i_argA", 3 0, v0x5631efc5e540_0;  alias, 1 drivers
v0x5631efc5e220_0 .net "i_argB", 3 0, v0x5631efc5e620_0;  alias, 1 drivers
v0x5631efc5e2f0_0 .net "o_result", 3 0, L_0x5631efc60640;  alias, 1 drivers
v0x5631efc5e3b0_0 .net "o_status", 3 0, L_0x5631efc60930;  1 drivers
L_0x5631efc5e960 .part v0x5631efc5e620_0, 1, 1;
L_0x5631efc5eb20 .part v0x5631efc5e620_0, 0, 1;
L_0x5631efc5ec60 .part v0x5631efc5e620_0, 3, 1;
L_0x5631efc5edf0 .part v0x5631efc5e620_0, 2, 1;
L_0x5631efc5f1f0 .part v0x5631efc5e620_0, 1, 1;
L_0x5631efc5f290 .part v0x5631efc5e620_0, 0, 1;
L_0x5631efc5f590 .part v0x5631efc5e540_0, 0, 1;
L_0x5631efc5f860 .part v0x5631efc5e620_0, 0, 1;
L_0x5631efc5fa10 .part v0x5631efc5e540_0, 1, 1;
L_0x5631efc5fc50 .part v0x5631efc5e620_0, 1, 1;
L_0x5631efc5fe90 .part v0x5631efc5e540_0, 2, 1;
L_0x5631efc60120 .part v0x5631efc5e620_0, 1, 1;
L_0x5631efc60230 .part v0x5631efc5e620_0, 0, 1;
L_0x5631efc603e0 .part v0x5631efc5e540_0, 3, 1;
L_0x5631efc60640 .concat8 [ 1 1 1 1], L_0x5631efc5f740, L_0x5631efc5fbe0, L_0x5631efc5ffd0, L_0x5631efc60820;
L_0x5631efc60930 .concat8 [ 1 3 0 0], L_0x5631efc5f0f0, L_0x7f4a46156018;
    .scope S_0x5631efc29a70;
T_0 ;
Ewait_0 .event/or E_0x5631efc34350, E_0x0;
    %wait Ewait_0;
    %pushi/vec4 0, 0, 4;
    %store/vec4 v0x5631efc291f0_0, 0, 4;
    %pushi/vec4 0, 0, 4;
    %store/vec4 v0x5631efc5bf50_0, 0, 4;
    %load/vec4 v0x5631efc2a9a0_0;
    %pad/u 32;
    %cmpi/u 0, 0, 32;
    %flag_inv 5; GE is !LT
    %jmp/0xz  T_0.0, 5;
    %load/vec4 v0x5631efc2a9a0_0;
    %pad/u 32;
    %cmpi/u 4, 0, 32;
    %jmp/0xz  T_0.2, 5;
    %load/vec4 v0x5631efc271f0_0;
    %store/vec4 v0x5631efc291f0_0, 0, 4;
    %pushi/vec4 1, 0, 1;
    %ix/getv 4, v0x5631efc2a9a0_0;
    %store/vec4 v0x5631efc291f0_0, 4, 1;
    %pushi/vec4 0, 0, 4;
    %store/vec4 v0x5631efc5bf50_0, 0, 4;
    %jmp T_0.3;
T_0.2 ;
    %pushi/vec4 0, 0, 4;
    %store/vec4 v0x5631efc291f0_0, 0, 4;
    %pushi/vec4 1, 0, 4;
    %store/vec4 v0x5631efc5bf50_0, 0, 4;
T_0.3 ;
    %jmp T_0.1;
T_0.0 ;
    %pushi/vec4 0, 0, 4;
    %store/vec4 v0x5631efc291f0_0, 0, 4;
    %pushi/vec4 1, 0, 4;
    %store/vec4 v0x5631efc5bf50_0, 0, 4;
T_0.1 ;
    %jmp T_0;
    .thread T_0, $push;
    .scope S_0x5631efc257a0;
T_1 ;
    %vpi_call/w 3 21 "$dumpfile", "setbit.vcd" {0 0 0};
    %vpi_call/w 3 23 "$dumpvars", 32'sb00000000000000000000000000000000, S_0x5631efc257a0 {0 0 0};
    %pushi/vec4 0, 0, 4;
    %store/vec4 v0x5631efc5e540_0, 0, 4;
    %pushi/vec4 2, 0, 4;
    %store/vec4 v0x5631efc5e620_0, 0, 4;
    %delay 10000, 0;
    %pushi/vec4 2, 0, 4;
    %store/vec4 v0x5631efc5e540_0, 0, 4;
    %pushi/vec4 1, 0, 4;
    %store/vec4 v0x5631efc5e620_0, 0, 4;
    %delay 10000, 0;
    %pushi/vec4 0, 0, 4;
    %store/vec4 v0x5631efc5e540_0, 0, 4;
    %pushi/vec4 13, 0, 4;
    %store/vec4 v0x5631efc5e620_0, 0, 4;
    %delay 10000, 0;
    %vpi_call/w 3 37 "$finish" {0 0 0};
    %end;
    .thread T_1;
# The file index is used to find the file name in the following table.
:file_names 6;
    "N/A";
    "<interactive>";
    "-";
    "setbit_tb.sv";
    "setbit.sv";
    "setbit_rtl.sv";
