#! /usr/bin/vvp
:ivl_version "11.0 (stable)";
:ivl_delay_selection "TYPICAL";
:vpi_time_precision - 12;
:vpi_module "/usr/lib/x86_64-linux-gnu/ivl/system.vpi";
:vpi_module "/usr/lib/x86_64-linux-gnu/ivl/vhdl_sys.vpi";
:vpi_module "/usr/lib/x86_64-linux-gnu/ivl/vhdl_textio.vpi";
:vpi_module "/usr/lib/x86_64-linux-gnu/ivl/v2005_math.vpi";
:vpi_module "/usr/lib/x86_64-linux-gnu/ivl/va_math.vpi";
:vpi_module "/usr/lib/x86_64-linux-gnu/ivl/v2009.vpi";
S_0x564ac83e7890 .scope package, "$unit" "$unit" 2 1;
 .timescale 0 0;
S_0x564ac83e19e0 .scope module, "dodawanie_tb" "dodawanie_tb" 3 5;
 .timescale -9 -12;
v0x564ac8414df0_0 .var "s_a", 3 0;
v0x564ac8414eb0_0 .var "s_b", 3 0;
v0x564ac8414fc0_0 .net "s_out", 3 0, v0x564ac8413050_0;  1 drivers
v0x564ac8415060_0 .net "s_synth", 3 0, L_0x564ac84168c0;  1 drivers
S_0x564ac83f2b00 .scope module, "dod_model" "dodawanie" 3 14, 4 1 0, S_0x564ac83e19e0;
 .timescale 0 0;
    .port_info 0 /INPUT 4 "i_argA";
    .port_info 1 /INPUT 4 "i_argB";
    .port_info 2 /OUTPUT 4 "o_result";
P_0x564ac83f2ce0 .param/l "NUM" 0 4 2, +C4<00000000000000000000000000000100>;
v0x564ac83e8440_0 .net "i_argA", 3 0, v0x564ac8414df0_0;  1 drivers
v0x564ac8412f70_0 .net "i_argB", 3 0, v0x564ac8414eb0_0;  1 drivers
v0x564ac8413050_0 .var "o_result", 3 0;
E_0x564ac83b9840 .event edge, v0x564ac83e8440_0, v0x564ac8412f70_0;
S_0x564ac8413190 .scope module, "dod_synth" "dodawanie_rtl" 3 15, 5 3 0, S_0x564ac83e19e0;
 .timescale 0 0;
    .port_info 0 /INPUT 4 "i_argA";
    .port_info 1 /INPUT 4 "i_argB";
    .port_info 2 /OUTPUT 4 "o_result";
L_0x564ac84152a0 .functor AND 1, L_0x564ac8415100, L_0x564ac84151d0, C4<1>, C4<1>;
L_0x564ac8415550 .functor AND 1, L_0x564ac84153e0, L_0x564ac8415480, C4<1>, C4<1>;
L_0x564ac8415770 .functor XOR 1, L_0x564ac84155f0, L_0x564ac8415690, C4<0>, C4<0>;
L_0x564ac8415880 .functor AND 1, L_0x564ac84152a0, L_0x564ac8415770, C4<1>, C4<1>;
L_0x564ac84159c0 .functor XOR 1, L_0x564ac84152a0, L_0x564ac8415770, C4<0>, C4<0>;
L_0x564ac8415a30 .functor OR 1, L_0x564ac8415550, L_0x564ac8415880, C4<0>, C4<0>;
L_0x564ac8415d10 .functor AND 1, L_0x564ac8415b80, L_0x564ac8415c20, C4<1>, C4<1>;
L_0x564ac8415fc0 .functor XOR 1, L_0x564ac8415e20, L_0x564ac8415ec0, C4<0>, C4<0>;
L_0x564ac84160d0 .functor AND 1, L_0x564ac8415a30, L_0x564ac8415fc0, C4<1>, C4<1>;
L_0x564ac84161e0 .functor XOR 1, L_0x564ac8415a30, L_0x564ac8415fc0, C4<0>, C4<0>;
L_0x564ac84162b0 .functor OR 1, L_0x564ac8415d10, L_0x564ac84160d0, C4<0>, C4<0>;
L_0x564ac8416630 .functor XOR 1, L_0x564ac8416370, L_0x564ac8416410, C4<0>, C4<0>;
L_0x564ac84167b0 .functor XOR 1, L_0x564ac84162b0, L_0x564ac8416630, C4<0>, C4<0>;
L_0x564ac84165c0 .functor XOR 1, L_0x564ac8416aa0, L_0x564ac8416bc0, C4<0>, C4<0>;
v0x564ac84133c0_0 .net "_00_", 0 0, L_0x564ac84152a0;  1 drivers
v0x564ac84134a0_0 .net "_01_", 0 0, L_0x564ac8415550;  1 drivers
v0x564ac8413560_0 .net "_02_", 0 0, L_0x564ac8415770;  1 drivers
v0x564ac8413600_0 .net "_03_", 0 0, L_0x564ac8415880;  1 drivers
v0x564ac84136c0_0 .net "_04_", 0 0, L_0x564ac8415a30;  1 drivers
v0x564ac84137d0_0 .net "_05_", 0 0, L_0x564ac8415d10;  1 drivers
v0x564ac8413890_0 .net "_06_", 0 0, L_0x564ac8415fc0;  1 drivers
v0x564ac8413950_0 .net "_07_", 0 0, L_0x564ac84160d0;  1 drivers
v0x564ac8413a10_0 .net "_08_", 0 0, L_0x564ac84162b0;  1 drivers
v0x564ac8413ad0_0 .net "_09_", 0 0, L_0x564ac8416630;  1 drivers
v0x564ac8413b90_0 .net *"_ivl_1", 0 0, L_0x564ac8415100;  1 drivers
v0x564ac8413c70_0 .net *"_ivl_13", 0 0, L_0x564ac84155f0;  1 drivers
v0x564ac8413d50_0 .net *"_ivl_15", 0 0, L_0x564ac8415690;  1 drivers
v0x564ac8413e30_0 .net *"_ivl_22", 0 0, L_0x564ac84159c0;  1 drivers
v0x564ac8413f10_0 .net *"_ivl_27", 0 0, L_0x564ac8415b80;  1 drivers
v0x564ac8413ff0_0 .net *"_ivl_29", 0 0, L_0x564ac8415c20;  1 drivers
v0x564ac84140d0_0 .net *"_ivl_3", 0 0, L_0x564ac84151d0;  1 drivers
v0x564ac84141b0_0 .net *"_ivl_33", 0 0, L_0x564ac8415e20;  1 drivers
v0x564ac8414290_0 .net *"_ivl_35", 0 0, L_0x564ac8415ec0;  1 drivers
v0x564ac8414370_0 .net *"_ivl_42", 0 0, L_0x564ac84161e0;  1 drivers
v0x564ac8414450_0 .net *"_ivl_47", 0 0, L_0x564ac8416370;  1 drivers
v0x564ac8414530_0 .net *"_ivl_49", 0 0, L_0x564ac8416410;  1 drivers
v0x564ac8414610_0 .net *"_ivl_54", 0 0, L_0x564ac84167b0;  1 drivers
v0x564ac84146f0_0 .net *"_ivl_60", 0 0, L_0x564ac8416aa0;  1 drivers
v0x564ac84147d0_0 .net *"_ivl_62", 0 0, L_0x564ac8416bc0;  1 drivers
v0x564ac84148b0_0 .net *"_ivl_63", 0 0, L_0x564ac84165c0;  1 drivers
v0x564ac8414990_0 .net *"_ivl_7", 0 0, L_0x564ac84153e0;  1 drivers
v0x564ac8414a70_0 .net *"_ivl_9", 0 0, L_0x564ac8415480;  1 drivers
v0x564ac8414b50_0 .net "i_argA", 3 0, v0x564ac8414df0_0;  alias, 1 drivers
v0x564ac8414c10_0 .net "i_argB", 3 0, v0x564ac8414eb0_0;  alias, 1 drivers
v0x564ac8414cb0_0 .net "o_result", 3 0, L_0x564ac84168c0;  alias, 1 drivers
L_0x564ac8415100 .part v0x564ac8414df0_0, 0, 1;
L_0x564ac84151d0 .part v0x564ac8414eb0_0, 0, 1;
L_0x564ac84153e0 .part v0x564ac8414df0_0, 1, 1;
L_0x564ac8415480 .part v0x564ac8414eb0_0, 1, 1;
L_0x564ac84155f0 .part v0x564ac8414df0_0, 1, 1;
L_0x564ac8415690 .part v0x564ac8414eb0_0, 1, 1;
L_0x564ac8415b80 .part v0x564ac8414df0_0, 2, 1;
L_0x564ac8415c20 .part v0x564ac8414eb0_0, 2, 1;
L_0x564ac8415e20 .part v0x564ac8414df0_0, 2, 1;
L_0x564ac8415ec0 .part v0x564ac8414eb0_0, 2, 1;
L_0x564ac8416370 .part v0x564ac8414df0_0, 3, 1;
L_0x564ac8416410 .part v0x564ac8414eb0_0, 3, 1;
L_0x564ac84168c0 .concat8 [ 1 1 1 1], L_0x564ac84165c0, L_0x564ac84159c0, L_0x564ac84161e0, L_0x564ac84167b0;
L_0x564ac8416aa0 .part v0x564ac8414df0_0, 0, 1;
L_0x564ac8416bc0 .part v0x564ac8414eb0_0, 0, 1;
    .scope S_0x564ac83f2b00;
T_0 ;
Ewait_0 .event/or E_0x564ac83b9840, E_0x0;
    %wait Ewait_0;
    %load/vec4 v0x564ac83e8440_0;
    %load/vec4 v0x564ac8412f70_0;
    %add;
    %store/vec4 v0x564ac8413050_0, 0, 4;
    %jmp T_0;
    .thread T_0, $push;
    .scope S_0x564ac83e19e0;
T_1 ;
    %vpi_call/w 3 20 "$dumpfile", "dodawanie.vcd" {0 0 0};
    %vpi_call/w 3 22 "$dumpvars", 32'sb00000000000000000000000000000000, S_0x564ac83e19e0 {0 0 0};
    %pushi/vec4 6, 0, 4;
    %store/vec4 v0x564ac8414df0_0, 0, 4;
    %pushi/vec4 2, 0, 4;
    %store/vec4 v0x564ac8414eb0_0, 0, 4;
    %delay 20000, 0;
    %pushi/vec4 3, 0, 4;
    %store/vec4 v0x564ac8414df0_0, 0, 4;
    %pushi/vec4 2, 0, 4;
    %store/vec4 v0x564ac8414eb0_0, 0, 4;
    %delay 20000, 0;
    %pushi/vec4 1, 0, 4;
    %store/vec4 v0x564ac8414df0_0, 0, 4;
    %pushi/vec4 1, 0, 4;
    %store/vec4 v0x564ac8414eb0_0, 0, 4;
    %vpi_call/w 3 33 "$finish" {0 0 0};
    %end;
    .thread T_1;
# The file index is used to find the file name in the following table.
:file_names 6;
    "N/A";
    "<interactive>";
    "-";
    "dodawanie_tb.sv";
    "dodawanie.sv";
    "dodawanie_rtl.sv";
